0 info it worked if it ends with ok
1 verbose cli [ '/usr/bin/nodejs',
1 verbose cli   '/usr/bin/npm',
1 verbose cli   'install',
1 verbose cli   '--save',
1 verbose cli   'js2xmlparser' ]
2 info using npm@1.4.21
3 info using node@v0.10.25
4 verbose readDependencies using package.json deps
5 verbose cache add [ 'js2xmlparser', null ]
6 verbose cache add name=undefined spec="js2xmlparser" args=["js2xmlparser",null]
7 verbose parsed url { protocol: null,
7 verbose parsed url   slashes: null,
7 verbose parsed url   auth: null,
7 verbose parsed url   host: null,
7 verbose parsed url   port: null,
7 verbose parsed url   hostname: null,
7 verbose parsed url   hash: null,
7 verbose parsed url   search: null,
7 verbose parsed url   query: null,
7 verbose parsed url   pathname: 'js2xmlparser',
7 verbose parsed url   path: 'js2xmlparser',
7 verbose parsed url   href: 'js2xmlparser' }
8 silly lockFile d2a29b33-js2xmlparser js2xmlparser
9 verbose lock js2xmlparser /home/deepal/.npm/d2a29b33-js2xmlparser.lock
10 silly lockFile d2a29b33-js2xmlparser js2xmlparser
11 silly lockFile d2a29b33-js2xmlparser js2xmlparser
12 verbose addNamed [ 'js2xmlparser', '' ]
13 verbose addNamed [ null, '*' ]
14 silly lockFile 7330136c-js2xmlparser js2xmlparser@
15 verbose lock js2xmlparser@ /home/deepal/.npm/7330136c-js2xmlparser.lock
16 silly addNameRange { name: 'js2xmlparser', range: '*', hasData: false }
17 verbose request where is /js2xmlparser
18 verbose request registry https://registry.npmjs.org/
19 verbose request id 0079ac6af58d5953
20 verbose url raw /js2xmlparser
21 verbose url resolving [ 'https://registry.npmjs.org/', './js2xmlparser' ]
22 verbose url resolved https://registry.npmjs.org/js2xmlparser
23 verbose request where is https://registry.npmjs.org/js2xmlparser
24 info trying registry request attempt 1 at 14:19:09
25 http GET https://registry.npmjs.org/js2xmlparser
26 info retry will retry, error on last attempt: Error: tunneling socket could not be established, cause=socket hang up
27 info trying registry request attempt 2 at 14:19:24
28 http GET https://registry.npmjs.org/js2xmlparser
29 info retry will retry, error on last attempt: Error: tunneling socket could not be established, cause=connect EINVAL
30 info trying registry request attempt 3 at 14:22:31
31 http GET https://registry.npmjs.org/js2xmlparser
32 silly lockFile 7330136c-js2xmlparser js2xmlparser@
33 silly lockFile 7330136c-js2xmlparser js2xmlparser@
34 error network tunneling socket could not be established, cause=connect ETIMEDOUT
34 error network This is most likely not a problem with npm itself
34 error network and is related to network connectivity.
34 error network In most cases you are behind a proxy or have bad network settings.
34 error network
34 error network If you are behind a proxy, please make sure that the
34 error network 'proxy' config is set properly.  See: 'npm help config'
35 error System Linux 3.16.0-24-generic
36 error command "/usr/bin/nodejs" "/usr/bin/npm" "install" "--save" "js2xmlparser"
37 error cwd /home/deepal/projects/VirtualOps/VirtualOps
38 error node -v v0.10.25
39 error npm -v 1.4.21
40 error code ECONNRESET
41 verbose exit [ 1, true ]
